<?xml version="1.0" encoding="UTF-8"?>
<!-- Generated by org.testng.reporters.JUnitReportReporter -->
<testsuite hostname="DESKTOP-6LJO1BM" name="com.appium.dongqiudi.TestCase" tests="1" failures="0" timestamp="24 Jan 2017 10:15:22 GMT" time="31.836" errors="0">
  <testcase name="testcase" time="31.836" classname="com.appium.dongqiudi.TestCase"/>
</testsuite> <!-- com.appium.dongqiudi.TestCase -->
