<?xml version="1.0" encoding="UTF-8"?>
<!-- Generated by org.testng.reporters.JUnitReportReporter -->
<testsuite hostname="WAK-20150307BRJ" name="com.appium.test.YouGou_test" tests="1" failures="0" timestamp="18 Apr 2016 08:28:55 GMT" time="129.419" errors="0">
  <testcase name="testcase" time="129.419" classname="com.appium.test.YouGou_test"/>
</testsuite> <!-- com.appium.test.YouGou_test -->
