<?xml version="1.0" encoding="UTF-8"?>
<!-- Generated by org.testng.reporters.JUnitReportReporter -->
<testsuite hostname="WAK-20150307BRJ" name="com.appium.szzc2.TestCase" tests="1" failures="0" timestamp="4 May 2016 08:22:03 GMT" time="74.245" errors="0">
  <testcase name="testcase" time="74.245" classname="com.appium.szzc2.TestCase"/>
</testsuite> <!-- com.appium.szzc2.TestCase -->
